21:10-27 21:10:02.876  1999 10300 I HidataAppQoeP: foregroundUidRemove uid: 10279 name: com.android.todolist
48:10-27 21:10:03.265 22587 22587 V ActivityThread: Handle window ActivityRecord{1fc7670 token=android.os.BinderProxy@d21ee9f {com.android.todolist/com.android.todolist.MainActivity}} visibility: false
177:10-27 21:10:11.736  1999 10300 I HidataAppQoeP: foregroundUidAdd uid: 10279 name: com.android.todolist activity state: true
243:10-27 21:10:48.858  1999 10300 I HidataAppQoeP: foregroundUidRemove uid: 10279 name: com.android.todolist
285:10-27 21:10:49.279 22587 22587 V ActivityThread: Handle window ActivityRecord{1fc7670 token=android.os.BinderProxy@d21ee9f {com.android.todolist/com.android.todolist.MainActivity}} visibility: false
617:10-27 21:12:44.181  1999 10300 I HidataAppQoeP: foregroundUidAdd uid: 10279 name: com.android.todolist activity state: true
1004:10-27 21:13:33.367 22587 22587 V ActivityThread: Skipping new config:{1.0 250mcc20mnc [ru_RU,en_RU] ldltr sw360dp w360dp h710dp 480dpi nrml long hdr port finger -keyb/v/h -nav/h winConfig={ mBounds=Rect(0, 0 - 1080, 2130) mAppBounds=Rect(0, 88 - 1080, 2218) mWindowingMode=fullscreen mActivityType=undefined} nonFullScreen=0 suim:1 s.9}, config:{1.0 250mcc20mnc [ru_RU,en_RU] ldltr sw360dp w360dp h710dp 480dpi nrml long hdr port finger -keyb/v/h -nav/h winConfig={ mBounds=Rect(0, 0 - 1080, 2130) mAppBounds=Rect(0, 88 - 1080, 2218) mWindowingMode=fullscreen mActivityType=undefined} nonFullScreen=0 suim:1 s.9} for app:com.android.todolist
1007:10-27 21:13:33.459 22587 22587 D ActivityThread: add activity client record, r= ActivityRecord{99e291 token=android.os.BinderProxy@ec6d711 {com.android.todolist/com.android.todolist.ListActivity}} token= android.os.BinderProxy@ec6d711
1166:10-27 21:13:55.712 22587 22587 V ActivityThread: Skipping new config:{1.0 250mcc20mnc [ru_RU,en_RU] ldltr sw360dp w360dp h710dp 480dpi nrml long hdr port finger -keyb/v/h -nav/h winConfig={ mBounds=Rect(0, 0 - 1080, 2130) mAppBounds=Rect(0, 88 - 1080, 2218) mWindowingMode=fullscreen mActivityType=undefined} nonFullScreen=0 suim:1 s.9}, config:{1.0 250mcc20mnc [ru_RU,en_RU] ldltr sw360dp w360dp h710dp 480dpi nrml long hdr port finger -keyb/v/h -nav/h winConfig={ mBounds=Rect(0, 0 - 1080, 2130) mAppBounds=Rect(0, 88 - 1080, 2218) mWindowingMode=fullscreen mActivityType=undefined} nonFullScreen=0 suim:1 s.9} for app:com.android.todolist
1168:10-27 21:13:55.764 22587 22587 D ActivityThread: add activity client record, r= ActivityRecord{e7949db token=android.os.BinderProxy@c3526a4 {com.android.todolist/com.android.todolist.MainActivity}} token= android.os.BinderProxy@c3526a4
1170:10-27 21:13:56.127 22587 22587 D ActivityThread: Remove activity client record, r= ActivityRecord{99e291 token=android.os.BinderProxy@ec6d711 {com.android.todolist/com.android.todolist.ListActivity}} token= android.os.BinderProxy@ec6d711
1815:10-27 21:14:53.727  1999 10300 I HidataAppQoeP: foregroundUidRemove uid: 10279 name: com.android.todolist
2429:10-27 21:14:54.101 22587 22587 V ActivityThread: Handle window ActivityRecord{e7949db token=android.os.BinderProxy@c3526a4 {com.android.todolist/com.android.todolist.MainActivity}} visibility: false
2492:10-27 21:14:54.483   748   888 D iTouchService: itouch currentPackageName=com.android.todolist
2497:10-27 21:14:54.483   748   888 D iTouchService: itouch:app com.android.todolist is  not game app
3869:10-27 21:16:27.710  1999 10300 I HidataAppQoeP: foregroundUidAdd uid: 10279 name: com.android.todolist activity state: true
3987:10-27 21:16:27.760   748   888 D iTouchService: itouch currentPackageName=com.android.todolist
3992:10-27 21:16:27.760   748   888 D iTouchService: itouch:app com.android.todolist is  not game app
4067:10-27 21:16:27.795  1147  1904 V HwPhoneWindowManager: updateSystemUiColorLw window=Window{2b8a58 u0 com.android.todolist/com.android.todolist.MainActivity},EmuiStyle=0,StatusBarColor=0xff00574b,NavigationBarColor=0xfffcfcfc, mForceNotchStatusBar=false
4070:10-27 21:16:27.798  1147  1307 I StatusBarDisable: setFlags what=0 which=1 pkg=Window{2b8a58 u0 com.android.todolist/com.android.todolist.MainActivity}
4084:10-27 21:16:27.812  1147  1307 I StatusBarDisable: setFlags what=0 which=1 pkg=Window{2b8a58 u0 com.android.todolist/com.android.todolist.MainActivity}
4120:10-27 21:16:27.867  1147  1307 I StatusBarDisable: setFlags what=0 which=1 pkg=Window{2b8a58 u0 com.android.todolist/com.android.todolist.MainActivity}
4142:10-27 21:16:27.874  1147  1617 V WindowManager: Removing Window{98c1884 u0 SnapshotStartingWindow for taskId=92474} from AppWindowToken{5bf15ca token=Token{4d5ad35 ActivityRecord{c11a36c u0 com.android.todolist/.MainActivity t92474}}}
4144:10-27 21:16:27.876  1147  1307 I StatusBarDisable: setFlags what=0 which=1 pkg=Window{2b8a58 u0 com.android.todolist/com.android.todolist.MainActivity}
4168:10-27 21:16:27.892  1147  1307 I StatusBarDisable: setFlags what=0 which=1 pkg=Window{2b8a58 u0 com.android.todolist/com.android.todolist.MainActivity}
4169:10-27 21:16:27.894  1147  1307 I StatusBarDisable: setFlags what=0 which=1 pkg=Window{2b8a58 u0 com.android.todolist/com.android.todolist.MainActivity}
4221:10-27 21:16:28.007  1147  1307 I StatusBarDisable: setFlags what=0 which=1 pkg=Window{2b8a58 u0 com.android.todolist/com.android.todolist.MainActivity}
4224:10-27 21:16:28.149  1147  1307 I StatusBarDisable: setFlags what=0 which=1 pkg=Window{2b8a58 u0 com.android.todolist/com.android.todolist.MainActivity}
4339:10-27 21:16:29.863  1147  1307 I StatusBarDisable: setFlags what=0 which=1 pkg=Window{271fd4f u0 com.android.todolist/com.android.todolist.MainActivity}
4340:10-27 21:16:29.865  1147  1719 V WindowManager: addWindow: Window{271fd4f u0 com.android.todolist/com.android.todolist.MainActivity}
4343:10-27 21:16:29.872 22587 23196 D HiTouch_PressGestureDetector: onAttached, package=com.android.todolist, windowType=2, mHiTouchRestricted=true
4344:10-27 21:16:29.884  1147  1719 V WindowManager_visibility: updateAllDrawn Add AppWindowToken{5bf15ca token=Token{4d5ad35 ActivityRecord{c11a36c u0 com.android.todolist/.MainActivity t92474}}}
4345:10-27 21:16:29.884  1147  1307 I StatusBarDisable: setFlags what=0 which=1 pkg=Window{271fd4f u0 com.android.todolist/com.android.todolist.MainActivity}
4346:10-27 21:16:29.885  1147  1719 V WindowManager_visibility: updateAllDrawn allDrawn=false interesting=1 drawn=1 relaunchCount=0 for AppWindowToken{5bf15ca token=Token{4d5ad35 ActivityRecord{c11a36c u0 com.android.todolist/.MainActivity t92474}}}
4347:10-27 21:16:29.888  1147  1307 I StatusBarDisable: setFlags what=0 which=1 pkg=Window{271fd4f u0 com.android.todolist/com.android.todolist.MainActivity}
4348:10-27 21:16:29.894   678   678 D SurfaceFlinger: duplicate layer name: changing com.android.todolist/com.android.todolist.MainActivity to com.android.todolist/com.android.todolist.MainActivity#1
4352:10-27 21:16:29.954  1147  1307 I StatusBarDisable: setFlags what=0 which=1 pkg=Window{271fd4f u0 com.android.todolist/com.android.todolist.MainActivity}
4353:10-27 21:16:29.954  1147  1617 V WindowManager_visibility: updateAllDrawn Add AppWindowToken{5bf15ca token=Token{4d5ad35 ActivityRecord{c11a36c u0 com.android.todolist/.MainActivity t92474}}}
4354:10-27 21:16:29.956  1147  1617 V WindowManager_visibility: updateAllDrawn allDrawn=false interesting=2 drawn=2 relaunchCount=0 for AppWindowToken{5bf15ca token=Token{4d5ad35 ActivityRecord{c11a36c u0 com.android.todolist/.MainActivity t92474}}}
4355:10-27 21:16:29.963  1147  1307 I StatusBarDisable: setFlags what=0 which=1 pkg=Window{271fd4f u0 com.android.todolist/com.android.todolist.MainActivity}
4381:10-27 21:16:29.986  1147  1307 I StatusBarDisable: setFlags what=0 which=1 pkg=Window{271fd4f u0 com.android.todolist/com.android.todolist.MainActivity}
4403:10-27 21:16:30.148  1147  1307 I StatusBarDisable: setFlags what=0 which=1 pkg=Window{271fd4f u0 com.android.todolist/com.android.todolist.MainActivity}
4436:10-27 21:16:31.188 22587 22587 I InputMethodManager: mServedView =com.android.todolist;view =com.android.todolist;flags =0
4454:10-27 21:16:31.272  2489  7259 W koe     : Infinite Data has no result for com.android.todolist [CONTEXT service_id=177 ]
4461:10-27 21:16:31.297  2489  2899 W koe     : Infinite Data has no result for com.android.todolist [CONTEXT service_id=177 ]
4462:10-27 21:16:31.308  1147  1307 I StatusBarDisable: setFlags what=0 which=1 pkg=Window{271fd4f u0 com.android.todolist/com.android.todolist.MainActivity}
4465:10-27 21:16:31.323  1147  1307 I StatusBarDisable: setFlags what=0 which=1 pkg=Window{271fd4f u0 com.android.todolist/com.android.todolist.MainActivity}
4473:10-27 21:16:31.363  1147  1307 I StatusBarDisable: setFlags what=0 which=1 pkg=Window{271fd4f u0 com.android.todolist/com.android.todolist.MainActivity}
4479:10-27 21:16:31.627  1147  1307 I StatusBarDisable: setFlags what=0 which=1 pkg=Window{271fd4f u0 com.android.todolist/com.android.todolist.MainActivity}
4517:10-27 21:16:33.717  1147  7908 V WindowManager: removeIfPossible: Window{271fd4f u0 com.android.todolist/com.android.todolist.MainActivity}
4518:10-27 21:16:33.724  1147  7908 V WindowManager: Not removing Window{271fd4f u0 com.android.todolist/com.android.todolist.MainActivity EXITING} due to exit animation 
4520:10-27 21:16:33.728  1147  1307 I StatusBarDisable: setFlags what=0 which=1 pkg=Window{2b8a58 u0 com.android.todolist/com.android.todolist.MainActivity}
4525:10-27 21:16:33.744  1147  1307 I StatusBarDisable: setFlags what=0 which=1 pkg=Window{2b8a58 u0 com.android.todolist/com.android.todolist.MainActivity}
4537:10-27 21:16:33.900  1147  1307 I StatusBarDisable: setFlags what=0 which=1 pkg=Window{2b8a58 u0 com.android.todolist/com.android.todolist.MainActivity}
4538:10-27 21:16:33.915  1147  1617 V WindowManager: Exit animation finished in Window{271fd4f u0 com.android.todolist/com.android.todolist.MainActivity EXITING}: remove=true
4539:10-27 21:16:33.915  1147  1617 E WindowManager: win=Window{271fd4f u0 com.android.todolist/com.android.todolist.MainActivity EXITING} destroySurfaces: appStopped=false win.mWindowRemovalAllowed=true win.mRemoveOnExit=true
4540:10-27 21:16:33.918  1147  1617 V WindowManager: postWindowRemoveCleanupLocked: Window{271fd4f u0 com.android.todolist/com.android.todolist.MainActivity}
4541:10-27 21:16:33.918  1147  1617 V WindowManager: Removing Window{271fd4f u0 com.android.todolist/com.android.todolist.MainActivity} from AppWindowToken{5bf15ca token=Token{4d5ad35 ActivityRecord{c11a36c u0 com.android.todolist/.MainActivity t92474}}}
4542:10-27 21:16:33.930  1147  1307 I StatusBarDisable: setFlags what=0 which=1 pkg=Window{2b8a58 u0 com.android.todolist/com.android.todolist.MainActivity}
4550:10-27 21:16:33.979  1147  1307 I StatusBarDisable: setFlags what=0 which=1 pkg=Window{2b8a58 u0 com.android.todolist/com.android.todolist.MainActivity}
4555:10-27 21:16:34.027  1147  1307 I StatusBarDisable: setFlags what=0 which=1 pkg=Window{2b8a58 u0 com.android.todolist/com.android.todolist.MainActivity}
4562:10-27 21:16:34.765  1147  1898 I ActivityManager: START u0 {hwFlg=0x10 cmp=com.android.todolist/.ListActivity (has extras)} from uid 10279
4563:10-27 21:16:34.767  1147  1898 I ActivityManager: ActivityRecord info: ActivityInfo{695c313 com.android.todolist.ListActivity}
4565:10-27 21:16:34.767  1147  1898 I ActivityManager: isNeedToStartExSplash  callingPackage: com.android.todolist packageName: com.android.todolist
4566:10-27 21:16:34.767  1147  1898 I HwActivityManagerServiceEx: packageName:com.android.todolist,requestCode:-1,isIntercepted:false,userId:0
4567:10-27 21:16:34.767  1147  1898 I HwActivityManagerServiceEx: callingPackage:com.android.todolist
4570:10-27 21:16:34.777  1147  1898 V WindowManager: addAppToken: AppWindowToken{fb415b1 token=Token{956b058 ActivityRecord{f24013b u0 com.android.todolist/.ListActivity t92474}}} controller={TaskWindowContainerController taskId=92474} at 2147483647
4572:10-27 21:16:34.784  1147  1307 I StatusBarDisable: setFlags what=0 which=1 pkg=Window{2b8a58 u0 com.android.todolist/com.android.todolist.MainActivity}
4576:10-27 21:16:34.800  1147  1898 V ActivityManager: Making visible and scheduling visibility: ActivityRecord{f24013b u0 com.android.todolist/.ListActivity t92474}
4579:10-27 21:16:34.807  1147  1898 V WindowManager: Check opening app=AppWindowToken{fb415b1 token=Token{956b058 ActivityRecord{f24013b u0 com.android.todolist/.ListActivity t92474}}}: allDrawn=false startingDisplayed=false startingMoved=false isRelaunching()=false startingWindow=null
4584:10-27 21:16:34.810  1147  1307 I StatusBarDisable: setFlags what=0 which=1 pkg=Window{2b8a58 u0 com.android.todolist/com.android.todolist.MainActivity}
4587:10-27 21:16:34.812  1147  1307 I StatusBarDisable: setFlags what=0 which=1 pkg=Window{2b8a58 u0 com.android.todolist/com.android.todolist.MainActivity}
4589:10-27 21:16:34.813  1147  1898 V WindowManager: Check opening app=AppWindowToken{fb415b1 token=Token{956b058 ActivityRecord{f24013b u0 com.android.todolist/.ListActivity t92474}}}: allDrawn=false startingDisplayed=false startingMoved=false isRelaunching()=false startingWindow=null
4594:10-27 21:16:34.821 22587 22587 V ActivityThread: Skipping new config:{1.0 250mcc20mnc [ru_RU,en_RU] ldltr sw360dp w360dp h710dp 480dpi nrml long hdr port finger -keyb/v/h -nav/h winConfig={ mBounds=Rect(0, 0 - 1080, 2130) mAppBounds=Rect(0, 88 - 1080, 2218) mWindowingMode=fullscreen mActivityType=undefined} nonFullScreen=0 suim:1 s.9}, config:{1.0 250mcc20mnc [ru_RU,en_RU] ldltr sw360dp w360dp h710dp 480dpi nrml long hdr port finger -keyb/v/h -nav/h winConfig={ mBounds=Rect(0, 0 - 1080, 2130) mAppBounds=Rect(0, 88 - 1080, 2218) mWindowingMode=fullscreen mActivityType=undefined} nonFullScreen=0 suim:1 s.9} for app:com.android.todolist
4614:10-27 21:16:34.866 22587 22587 D HwSplineOverScrollerExImpl: initSplineOverScrollerImpl paras: android.widget.OverScroller$SplineOverScroller@15dfd8a,com.android.todolist.ListActivity@52c0659
4620:10-27 21:16:34.867 22587 22587 D HwSplineOverScrollerExImpl: initSplineOverScrollerImpl paras: android.widget.OverScroller$SplineOverScroller@ba66856,com.android.todolist.ListActivity@52c0659
4622:10-27 21:16:34.881 22587 22587 D ActivityThread: add activity client record, r= ActivityRecord{eac6852 token=android.os.BinderProxy@7c0c7a3 {com.android.todolist/com.android.todolist.ListActivity}} token= android.os.BinderProxy@7c0c7a3
4625:10-27 21:16:34.892  1147  7908 V WindowManager: addWindow: Window{8435bed u0 com.android.todolist/com.android.todolist.ListActivity}
4633:10-27 21:16:34.901 22587 23212 D HiTouch_PressGestureDetector: onAttached, package=com.android.todolist, windowType=1, mHiTouchRestricted=true
4640:10-27 21:16:34.915  1147  1307 I StatusBarDisable: setFlags what=0 which=1 pkg=Window{2b8a58 u0 com.android.todolist/com.android.todolist.MainActivity}
4642:10-27 21:16:34.916  1147  2306 V WindowManager: Check opening app=AppWindowToken{fb415b1 token=Token{956b058 ActivityRecord{f24013b u0 com.android.todolist/.ListActivity t92474}}}: allDrawn=false startingDisplayed=false startingMoved=false isRelaunching()=false startingWindow=null
4644:10-27 21:16:34.921  1147  1307 I StatusBarDisable: setFlags what=0 which=1 pkg=Window{8435bed u0 com.android.todolist/com.android.todolist.ListActivity}
4647:10-27 21:16:34.933  1147  1307 I StatusBarDisable: setFlags what=0 which=1 pkg=Window{8435bed u0 com.android.todolist/com.android.todolist.ListActivity}
4651:10-27 21:16:34.938  1147  1617 V WindowManager: Check opening app=AppWindowToken{fb415b1 token=Token{956b058 ActivityRecord{f24013b u0 com.android.todolist/.ListActivity t92474}}}: allDrawn=false startingDisplayed=false startingMoved=false isRelaunching()=false startingWindow=null
4652:10-27 21:16:34.949  1147  1307 I StatusBarDisable: setFlags what=0 which=1 pkg=Window{8435bed u0 com.android.todolist/com.android.todolist.ListActivity}
4654:10-27 21:16:34.950  1147  2306 V WindowManager: Check opening app=AppWindowToken{fb415b1 token=Token{956b058 ActivityRecord{f24013b u0 com.android.todolist/.ListActivity t92474}}}: allDrawn=false startingDisplayed=false startingMoved=false isRelaunching()=false startingWindow=null
4659:10-27 21:16:34.969  1147  1617 V WindowManager_visibility: updateAllDrawn Add AppWindowToken{fb415b1 token=Token{956b058 ActivityRecord{f24013b u0 com.android.todolist/.ListActivity t92474}}}
4660:10-27 21:16:34.969  1147  1307 I StatusBarDisable: setFlags what=0 which=1 pkg=Window{8435bed u0 com.android.todolist/com.android.todolist.ListActivity}
4661:10-27 21:16:34.970  1147  1617 V WindowManager_visibility: updateAllDrawn allDrawn=false interesting=1 drawn=1 relaunchCount=0 for AppWindowToken{fb415b1 token=Token{956b058 ActivityRecord{f24013b u0 com.android.todolist/.ListActivity t92474}}}
4663:10-27 21:16:34.970  1147  1617 V WindowManager: Check opening app=AppWindowToken{fb415b1 token=Token{956b058 ActivityRecord{f24013b u0 com.android.todolist/.ListActivity t92474}}}: allDrawn=true startingDisplayed=false startingMoved=false isRelaunching()=false startingWindow=null
4667:10-27 21:16:34.981  1147  1307 I StatusBarDisable: setFlags what=0 which=1 pkg=Window{8435bed u0 com.android.todolist/com.android.todolist.ListActivity}
4668:10-27 21:16:34.983  1147  1307 I StatusBarDisable: setFlags what=0 which=1 pkg=Window{8435bed u0 com.android.todolist/com.android.todolist.ListActivity}
4669:10-27 21:16:34.985  1147  1368 D ActivityManager: EVENT_APP_ACTIVITY_DISPLAYED_FINISH reportData: com.android.todolist/.ListActivity 22587 179
4693:10-27 21:16:35.056  1147  1307 I StatusBarDisable: setFlags what=0 which=1 pkg=Window{8435bed u0 com.android.todolist/com.android.todolist.ListActivity}
4697:10-27 21:16:35.223  1147  1307 I StatusBarDisable: setFlags what=0 which=1 pkg=Window{8435bed u0 com.android.todolist/com.android.todolist.ListActivity}
4698:10-27 21:16:35.227  1147  1898 V WindowManager: notifyAppStopped: AppWindowToken{5bf15ca token=Token{4d5ad35 ActivityRecord{c11a36c u0 com.android.todolist/.MainActivity t92474}}}
4699:10-27 21:16:35.227  1147  1898 E WindowManager: win=Window{2b8a58 u0 com.android.todolist/com.android.todolist.MainActivity} destroySurfaces: appStopped=true win.mWindowRemovalAllowed=false win.mRemoveOnExit=false
4724:10-27 21:16:36.773  1147  1307 I StatusBarDisable: setFlags what=0 which=1 pkg=Window{8435bed u0 com.android.todolist/com.android.todolist.ListActivity}
4727:10-27 21:16:36.781  1147  1307 I StatusBarDisable: setFlags what=0 which=1 pkg=Window{8435bed u0 com.android.todolist/com.android.todolist.ListActivity}
4728:10-27 21:16:36.788  1147  2306 W NotificationService: Toast already killed. pkg=com.android.todolist callback=android.app.ITransientNotification$Stub$Proxy@d5a5bff
4731:10-27 21:16:36.894  1147  1307 I StatusBarDisable: setFlags what=0 which=1 pkg=Window{8435bed u0 com.android.todolist/com.android.todolist.ListActivity}
4733:10-27 21:16:36.899  1147  1617 I DebugKeepScreenOn: Releasing screen wakelock, obscured by Window{8435bed u0 com.android.todolist/com.android.todolist.ListActivity}
4737:10-27 21:16:36.908  1147  1307 I StatusBarDisable: setFlags what=0 which=1 pkg=Window{8435bed u0 com.android.todolist/com.android.todolist.ListActivity}
4747:10-27 21:16:38.308  1147  1307 I StatusBarDisable: setFlags what=0 which=1 pkg=Window{8435bed u0 com.android.todolist/com.android.todolist.ListActivity}
4758:10-27 21:16:39.241 22587 22587 I InputMethodManager: mServedView =com.android.todolist;view =com.android.todolist;flags =1
4781:10-27 21:16:39.372  1147  1307 I StatusBarDisable: setFlags what=0 which=1 pkg=Window{8435bed u0 com.android.todolist/com.android.todolist.ListActivity}
4782:10-27 21:16:39.388  2489 23197 W koe     : Infinite Data has no result for com.android.todolist [CONTEXT service_id=177 ]
4783:10-27 21:16:39.392  2489  2899 W koe     : Infinite Data has no result for com.android.todolist [CONTEXT service_id=177 ]
4784:10-27 21:16:39.393  1147  1307 I StatusBarDisable: setFlags what=0 which=1 pkg=Window{8435bed u0 com.android.todolist/com.android.todolist.ListActivity}
4787:10-27 21:16:39.410 22587 22587 I chatty  : uid=10279(com.android.todolist) identical 6 lines
4794:10-27 21:16:39.426  1147  1307 I StatusBarDisable: setFlags what=0 which=1 pkg=Window{8435bed u0 com.android.todolist/com.android.todolist.ListActivity}
4799:10-27 21:16:39.711  1147  1307 I StatusBarDisable: setFlags what=0 which=1 pkg=Window{8435bed u0 com.android.todolist/com.android.todolist.ListActivity}
4857:10-27 21:16:42.582  1147  1307 I StatusBarDisable: setFlags what=0 which=1 pkg=Window{8435bed u0 com.android.todolist/com.android.todolist.ListActivity}
4858:10-27 21:16:42.620  1147  1307 I StatusBarDisable: setFlags what=0 which=1 pkg=Window{8435bed u0 com.android.todolist/com.android.todolist.ListActivity}
4862:10-27 21:16:42.712  1147  1307 I StatusBarDisable: setFlags what=0 which=1 pkg=Window{8435bed u0 com.android.todolist/com.android.todolist.ListActivity}
4883:10-27 21:16:44.150 22587 22587 I InputMethodManager: mServedView =com.android.todolist;view =com.android.todolist;flags =1
4892:10-27 21:16:44.220  1147  1307 I StatusBarDisable: setFlags what=0 which=1 pkg=Window{8435bed u0 com.android.todolist/com.android.todolist.ListActivity}
4898:10-27 21:16:44.529  1147  1307 I StatusBarDisable: setFlags what=0 which=1 pkg=Window{8435bed u0 com.android.todolist/com.android.todolist.ListActivity}
5216:10-27 21:16:52.685  1147  1307 I StatusBarDisable: setFlags what=0 which=1 pkg=Window{8435bed u0 com.android.todolist/com.android.todolist.ListActivity}
5217:10-27 21:16:52.717  1147  1307 I StatusBarDisable: setFlags what=0 which=1 pkg=Window{8435bed u0 com.android.todolist/com.android.todolist.ListActivity}
5242:10-27 21:16:52.807  1147  1307 I StatusBarDisable: setFlags what=0 which=1 pkg=Window{8435bed u0 com.android.todolist/com.android.todolist.ListActivity}
5324:10-27 21:16:55.579  1147  1898 I ActivityManager: START u0 {hwFlg=0x10 cmp=com.android.todolist/.MainActivity} from uid 10279
5325:10-27 21:16:55.581  1147  1898 I ActivityManager: ActivityRecord info: ActivityInfo{516cd91 com.android.todolist.MainActivity}
5327:10-27 21:16:55.581  1147  1898 I ActivityManager: isNeedToStartExSplash  callingPackage: com.android.todolist packageName: com.android.todolist
5328:10-27 21:16:55.581  1147  1898 I HwActivityManagerServiceEx: packageName:com.android.todolist,requestCode:-1,isIntercepted:false,userId:0
5329:10-27 21:16:55.581  1147  1898 I HwActivityManagerServiceEx: callingPackage:com.android.todolist
5332:10-27 21:16:55.588  1147  1898 V WindowManager: addAppToken: AppWindowToken{7026460 token=Token{bed6063 ActivityRecord{a248e92 u0 com.android.todolist/.MainActivity t92474}}} controller={TaskWindowContainerController taskId=92474} at 2147483647
5334:10-27 21:16:55.597  1147  1307 I StatusBarDisable: setFlags what=0 which=1 pkg=Window{8435bed u0 com.android.todolist/com.android.todolist.ListActivity}
5335:10-27 21:16:55.602  1147  1307 I StatusBarDisable: setFlags what=0 which=1 pkg=Window{8435bed u0 com.android.todolist/com.android.todolist.ListActivity}
5337:10-27 21:16:55.607  1147  1898 V ActivityManager: Making visible and scheduling visibility: ActivityRecord{a248e92 u0 com.android.todolist/.MainActivity t92474}
5341:10-27 21:16:55.613  1147  1898 V WindowManager: Check opening app=AppWindowToken{7026460 token=Token{bed6063 ActivityRecord{a248e92 u0 com.android.todolist/.MainActivity t92474}}}: allDrawn=false startingDisplayed=false startingMoved=false isRelaunching()=false startingWindow=null
5344:10-27 21:16:55.615  1147  1307 I StatusBarDisable: setFlags what=0 which=1 pkg=Window{8435bed u0 com.android.todolist/com.android.todolist.ListActivity}
5345:10-27 21:16:55.615  1147  1307 I StatusBarDisable: setFlags what=0 which=1 pkg=Window{8435bed u0 com.android.todolist/com.android.todolist.ListActivity}
5350:10-27 21:16:55.616 22587 22587 V ActivityThread: Skipping new config:{1.0 250mcc20mnc [ru_RU,en_RU] ldltr sw360dp w360dp h710dp 480dpi nrml long hdr port finger -keyb/v/h -nav/h winConfig={ mBounds=Rect(0, 0 - 1080, 2130) mAppBounds=Rect(0, 88 - 1080, 2218) mWindowingMode=fullscreen mActivityType=undefined} nonFullScreen=0 suim:1 s.9}, config:{1.0 250mcc20mnc [ru_RU,en_RU] ldltr sw360dp w360dp h710dp 480dpi nrml long hdr port finger -keyb/v/h -nav/h winConfig={ mBounds=Rect(0, 0 - 1080, 2130) mAppBounds=Rect(0, 88 - 1080, 2218) mWindowingMode=fullscreen mActivityType=undefined} nonFullScreen=0 suim:1 s.9} for app:com.android.todolist
5358:10-27 21:16:55.631 22587 22587 D HwSplineOverScrollerExImpl: initSplineOverScrollerImpl paras: android.widget.OverScroller$SplineOverScroller@cbf4ca8,com.android.todolist.MainActivity@8234642
5364:10-27 21:16:55.632 22587 22587 D HwSplineOverScrollerExImpl: initSplineOverScrollerImpl paras: android.widget.OverScroller$SplineOverScroller@2108b54,com.android.todolist.MainActivity@8234642
5371:10-27 21:16:55.632 22587 22587 D HwSplineOverScrollerExImpl: initSplineOverScrollerImpl paras: android.widget.OverScroller$SplineOverScroller@39dc3f2,com.android.todolist.MainActivity@8234642
5377:10-27 21:16:55.632 22587 22587 D HwSplineOverScrollerExImpl: initSplineOverScrollerImpl paras: android.widget.OverScroller$SplineOverScroller@a9508c0,com.android.todolist.MainActivity@8234642
5383:10-27 21:16:55.638 22587 22587 D HwSplineOverScrollerExImpl: initSplineOverScrollerImpl paras: android.widget.OverScroller$SplineOverScroller@a90579f,com.android.todolist.MainActivity@8234642
5389:10-27 21:16:55.639 22587 22587 D HwSplineOverScrollerExImpl: initSplineOverScrollerImpl paras: android.widget.OverScroller$SplineOverScroller@e63acb5,com.android.todolist.MainActivity@8234642
5395:10-27 21:16:55.653 22587 22587 D HwSplineOverScrollerExImpl: initSplineOverScrollerImpl paras: android.widget.OverScroller$SplineOverScroller@47da447,com.android.todolist.MainActivity@8234642
5401:10-27 21:16:55.655 22587 22587 D HwSplineOverScrollerExImpl: initSplineOverScrollerImpl paras: android.widget.OverScroller$SplineOverScroller@2e63de3,com.android.todolist.MainActivity@8234642
5403:10-27 21:16:55.668 22587 22587 D ActivityThread: add activity client record, r= ActivityRecord{6ab865b token=android.os.BinderProxy@5d49124 {com.android.todolist/com.android.todolist.MainActivity}} token= android.os.BinderProxy@5d49124
5407:10-27 21:16:55.680  1147  1904 V WindowManager: addWindow: Window{8f901de u0 com.android.todolist/com.android.todolist.MainActivity}
5415:10-27 21:16:55.683 22587 23235 D HiTouch_PressGestureDetector: onAttached, package=com.android.todolist, windowType=1, mHiTouchRestricted=true
5420:10-27 21:16:55.715  1147  1307 I StatusBarDisable: setFlags what=0 which=1 pkg=Window{8435bed u0 com.android.todolist/com.android.todolist.ListActivity}
5422:10-27 21:16:55.716  1147  1904 V WindowManager: Check opening app=AppWindowToken{7026460 token=Token{bed6063 ActivityRecord{a248e92 u0 com.android.todolist/.MainActivity t92474}}}: allDrawn=false startingDisplayed=false startingMoved=false isRelaunching()=false startingWindow=null
5426:10-27 21:16:55.720  1147  1307 I StatusBarDisable: setFlags what=0 which=1 pkg=Window{8f901de u0 com.android.todolist/com.android.todolist.MainActivity}
5436:10-27 21:16:55.773  1147  1307 I StatusBarDisable: setFlags what=0 which=1 pkg=Window{8f901de u0 com.android.todolist/com.android.todolist.MainActivity}
5438:10-27 21:16:55.774  1147  1904 V WindowManager: Check opening app=AppWindowToken{7026460 token=Token{bed6063 ActivityRecord{a248e92 u0 com.android.todolist/.MainActivity t92474}}}: allDrawn=false startingDisplayed=false startingMoved=false isRelaunching()=false startingWindow=null
5439:10-27 21:16:55.792  1147  1617 V WindowManager_visibility: updateAllDrawn Add AppWindowToken{7026460 token=Token{bed6063 ActivityRecord{a248e92 u0 com.android.todolist/.MainActivity t92474}}}
5440:10-27 21:16:55.792  1147  1307 I StatusBarDisable: setFlags what=0 which=1 pkg=Window{8f901de u0 com.android.todolist/com.android.todolist.MainActivity}
5442:10-27 21:16:55.793  1147  1617 V WindowManager_visibility: updateAllDrawn allDrawn=false interesting=1 drawn=1 relaunchCount=0 for AppWindowToken{7026460 token=Token{bed6063 ActivityRecord{a248e92 u0 com.android.todolist/.MainActivity t92474}}}
5444:10-27 21:16:55.793  1147  1617 V WindowManager: Check opening app=AppWindowToken{7026460 token=Token{bed6063 ActivityRecord{a248e92 u0 com.android.todolist/.MainActivity t92474}}}: allDrawn=true startingDisplayed=false startingMoved=false isRelaunching()=false startingWindow=null
5447:10-27 21:16:55.802  1147  1307 I StatusBarDisable: setFlags what=0 which=1 pkg=Window{8f901de u0 com.android.todolist/com.android.todolist.MainActivity}
5448:10-27 21:16:55.806  1147  1307 I StatusBarDisable: setFlags what=0 which=1 pkg=Window{8f901de u0 com.android.todolist/com.android.todolist.MainActivity}
5449:10-27 21:16:55.808  1147  1368 D ActivityManager: EVENT_APP_ACTIVITY_DISPLAYED_FINISH reportData: com.android.todolist/.MainActivity 22587 194
5451:10-27 21:16:55.841  1147  1307 I StatusBarDisable: setFlags what=0 which=1 pkg=Window{8f901de u0 com.android.todolist/com.android.todolist.MainActivity}
5469:10-27 21:16:56.037  1147  1307 I StatusBarDisable: setFlags what=0 which=1 pkg=Window{8f901de u0 com.android.todolist/com.android.todolist.MainActivity}
5471:10-27 21:16:56.042 22587 22587 D ActivityThread: Remove activity client record, r= ActivityRecord{eac6852 token=android.os.BinderProxy@7c0c7a3 {com.android.todolist/com.android.todolist.ListActivity}} token= android.os.BinderProxy@7c0c7a3
5472:10-27 21:16:56.045  1147  1898 V WindowManager: removeIfPossible: Window{8435bed u0 com.android.todolist/com.android.todolist.ListActivity}
5473:10-27 21:16:56.046  1147  1898 V WindowManager: postWindowRemoveCleanupLocked: Window{8435bed u0 com.android.todolist/com.android.todolist.ListActivity}
5474:10-27 21:16:56.046  1147  1898 V WindowManager: Removing Window{8435bed u0 com.android.todolist/com.android.todolist.ListActivity} from AppWindowToken{fb415b1 token=Token{956b058 ActivityRecord{f24013b u0 com.android.todolist/.ListActivity t92474}}}
5475:10-27 21:16:56.048  1147  1307 I StatusBarDisable: setFlags what=0 which=1 pkg=Window{8f901de u0 com.android.todolist/com.android.todolist.MainActivity}
5476:10-27 21:16:56.051  1147  1898 V WindowManager: removeAppToken: AppWindowToken{fb415b1 token=Token{956b058 ActivityRecord{f24013b u0 com.android.todolist/.ListActivity t92474}}} delayed=false Callers=com.android.server.wm.DisplayContent.removeAppToken:1086 com.android.server.wm.AppWindowContainerController.removeContainer:315 com.android.server.am.ActivityRecord.removeWindowContainer:1203 com.android.server.am.ActivityStack.removeActivityFromHistoryLocked:4584 
5483:10-27 21:16:56.995  1147  1904 V WindowManager: Adding Window{1272853 u0 PopupWindow:cc4f071} to Window{8f901de u0 com.android.todolist/com.android.todolist.MainActivity}
5487:10-27 21:16:57.055  1147  1904 V WindowManager_visibility: updateAllDrawn Add AppWindowToken{7026460 token=Token{bed6063 ActivityRecord{a248e92 u0 com.android.todolist/.MainActivity t92474}}}
5488:10-27 21:16:57.057  1147  1904 V WindowManager_visibility: updateAllDrawn allDrawn=false interesting=1 drawn=1 relaunchCount=0 for AppWindowToken{7026460 token=Token{bed6063 ActivityRecord{a248e92 u0 com.android.todolist/.MainActivity t92474}}}
5499:10-27 21:16:57.158  1147  1617 V WindowManager_visibility: updateAllDrawn Add AppWindowToken{7026460 token=Token{bed6063 ActivityRecord{a248e92 u0 com.android.todolist/.MainActivity t92474}}}
5500:10-27 21:16:57.160  1147  1617 V WindowManager_visibility: updateAllDrawn allDrawn=false interesting=2 drawn=2 relaunchCount=0 for AppWindowToken{7026460 token=Token{bed6063 ActivityRecord{a248e92 u0 com.android.todolist/.MainActivity t92474}}}
5539:10-27 21:16:59.004  1147  1904 I ActivityManager: START u0 {hwFlg=0x10 cmp=com.android.todolist/.About} from uid 10279
5540:10-27 21:16:59.005  1147  1904 I ActivityManager: ActivityRecord info: ActivityInfo{f27a590 com.android.todolist.About}
5542:10-27 21:16:59.005  1147  1904 I ActivityManager: isNeedToStartExSplash  callingPackage: com.android.todolist packageName: com.android.todolist
5543:10-27 21:16:59.005  1147  1904 I HwActivityManagerServiceEx: packageName:com.android.todolist,requestCode:-1,isIntercepted:false,userId:0
5544:10-27 21:16:59.006  1147  1904 I HwActivityManagerServiceEx: callingPackage:com.android.todolist
5547:10-27 21:16:59.011  1147  1904 V WindowManager: addAppToken: AppWindowToken{2f1f6af token=Token{9d79e8e ActivityRecord{5b38e89 u0 com.android.todolist/.About t92474}}} controller={TaskWindowContainerController taskId=92474} at 2147483647
5554:10-27 21:16:59.029  1147  1904 V HwPhoneWindowManager: updateSystemUiColorLw window=Window{8f901de u0 com.android.todolist/com.android.todolist.MainActivity},EmuiStyle=0,StatusBarColor=0xff00574b,NavigationBarColor=0xfffcfcfc, mForceNotchStatusBar=false
5558:10-27 21:16:59.030  1147  1307 I StatusBarDisable: setFlags what=0 which=1 pkg=Window{8f901de u0 com.android.todolist/com.android.todolist.MainActivity}
5564:10-27 21:16:59.036  1147  1904 V ActivityManager: Making visible and scheduling visibility: ActivityRecord{5b38e89 u0 com.android.todolist/.About t92474}
5567:10-27 21:16:59.041  1147  1904 V WindowManager: Check opening app=AppWindowToken{2f1f6af token=Token{9d79e8e ActivityRecord{5b38e89 u0 com.android.todolist/.About t92474}}}: allDrawn=false startingDisplayed=false startingMoved=false isRelaunching()=false startingWindow=null
5572:10-27 21:16:59.044  1147  1307 I StatusBarDisable: setFlags what=0 which=1 pkg=Window{8f901de u0 com.android.todolist/com.android.todolist.MainActivity}
5573:10-27 21:16:59.044  1147  1307 I StatusBarDisable: setFlags what=0 which=1 pkg=Window{8f901de u0 com.android.todolist/com.android.todolist.MainActivity}
5576:10-27 21:16:59.046 22587 22587 V ActivityThread: Skipping new config:{1.0 250mcc20mnc [ru_RU,en_RU] ldltr sw360dp w360dp h710dp 480dpi nrml long hdr port finger -keyb/v/h -nav/h winConfig={ mBounds=Rect(0, 0 - 1080, 2130) mAppBounds=Rect(0, 88 - 1080, 2218) mWindowingMode=fullscreen mActivityType=undefined} nonFullScreen=0 suim:1 s.9}, config:{1.0 250mcc20mnc [ru_RU,en_RU] ldltr sw360dp w360dp h710dp 480dpi nrml long hdr port finger -keyb/v/h -nav/h winConfig={ mBounds=Rect(0, 0 - 1080, 2130) mAppBounds=Rect(0, 88 - 1080, 2218) mWindowingMode=fullscreen mActivityType=undefined} nonFullScreen=0 suim:1 s.9} for app:com.android.todolist
5597:10-27 21:16:59.070 22587 22587 D HwSplineOverScrollerExImpl: initSplineOverScrollerImpl paras: android.widget.OverScroller$SplineOverScroller@653e9a7,com.android.todolist.About@a3345db
5603:10-27 21:16:59.070 22587 22587 D HwSplineOverScrollerExImpl: initSplineOverScrollerImpl paras: android.widget.OverScroller$SplineOverScroller@8361fd,com.android.todolist.About@a3345db
5605:10-27 21:16:59.103 22587 22587 D ActivityThread: add activity client record, r= ActivityRecord{c0e0d5a token=android.os.BinderProxy@f8a1f8c {com.android.todolist/com.android.todolist.About}} token= android.os.BinderProxy@f8a1f8c
5609:10-27 21:16:59.113  1147  1898 V WindowManager: addWindow: Window{3d8a45 u0 com.android.todolist/com.android.todolist.About}
5616:10-27 21:16:59.118 22587 23237 D HiTouch_PressGestureDetector: onAttached, package=com.android.todolist, windowType=1, mHiTouchRestricted=true
5621:10-27 21:16:59.142  1147  1898 V WindowManager: Check opening app=AppWindowToken{2f1f6af token=Token{9d79e8e ActivityRecord{5b38e89 u0 com.android.todolist/.About t92474}}}: allDrawn=false startingDisplayed=false startingMoved=false isRelaunching()=false startingWindow=null
5622:10-27 21:16:59.143  1147  1307 I StatusBarDisable: setFlags what=0 which=1 pkg=Window{8f901de u0 com.android.todolist/com.android.todolist.MainActivity}
5623:10-27 21:16:59.147  1147  1307 I StatusBarDisable: setFlags what=0 which=1 pkg=Window{3d8a45 u0 com.android.todolist/com.android.todolist.About}
5631:10-27 21:16:59.169  1147  7908 V WindowManager: Check opening app=AppWindowToken{2f1f6af token=Token{9d79e8e ActivityRecord{5b38e89 u0 com.android.todolist/.About t92474}}}: allDrawn=false startingDisplayed=false startingMoved=false isRelaunching()=false startingWindow=null
5632:10-27 21:16:59.170  1147  1307 I StatusBarDisable: setFlags what=0 which=1 pkg=Window{3d8a45 u0 com.android.todolist/com.android.todolist.About}
5633:10-27 21:16:59.193  1147  1617 V WindowManager_visibility: updateAllDrawn Add AppWindowToken{2f1f6af token=Token{9d79e8e ActivityRecord{5b38e89 u0 com.android.todolist/.About t92474}}}
5634:10-27 21:16:59.194  1147  1617 V WindowManager_visibility: updateAllDrawn allDrawn=false interesting=1 drawn=1 relaunchCount=0 for AppWindowToken{2f1f6af token=Token{9d79e8e ActivityRecord{5b38e89 u0 com.android.todolist/.About t92474}}}
5635:10-27 21:16:59.194  1147  1307 I StatusBarDisable: setFlags what=0 which=1 pkg=Window{3d8a45 u0 com.android.todolist/com.android.todolist.About}
5637:10-27 21:16:59.194  1147  1617 V WindowManager: Check opening app=AppWindowToken{2f1f6af token=Token{9d79e8e ActivityRecord{5b38e89 u0 com.android.todolist/.About t92474}}}: allDrawn=true startingDisplayed=false startingMoved=false isRelaunching()=false startingWindow=null
5641:10-27 21:16:59.206  1147  1307 I StatusBarDisable: setFlags what=0 which=1 pkg=Window{3d8a45 u0 com.android.todolist/com.android.todolist.About}
5643:10-27 21:16:59.210  1147  1307 I StatusBarDisable: setFlags what=0 which=1 pkg=Window{3d8a45 u0 com.android.todolist/com.android.todolist.About}
5644:10-27 21:16:59.212  1147  1368 D ActivityManager: EVENT_APP_ACTIVITY_DISPLAYED_FINISH reportData: com.android.todolist/.About 22587 167
5650:10-27 21:16:59.336  1147  1307 I StatusBarDisable: setFlags what=0 which=1 pkg=Window{3d8a45 u0 com.android.todolist/com.android.todolist.About}
5651:10-27 21:16:59.338  1147  1307 I StatusBarDisable: setFlags what=0 which=1 pkg=Window{3d8a45 u0 com.android.todolist/com.android.todolist.About}
5656:10-27 21:16:59.399  1147  1617 V WindowManager: Removing Window{1272853 u0 PopupWindow:cc4f071} from AppWindowToken{7026460 token=Token{bed6063 ActivityRecord{a248e92 u0 com.android.todolist/.MainActivity t92474}}}
5657:10-27 21:16:59.401  1147  1307 I StatusBarDisable: setFlags what=0 which=1 pkg=Window{3d8a45 u0 com.android.todolist/com.android.todolist.About}
5659:10-27 21:16:59.404  1147  1307 I StatusBarDisable: setFlags what=0 which=1 pkg=Window{3d8a45 u0 com.android.todolist/com.android.todolist.About}
5665:10-27 21:16:59.416  1147  1307 I StatusBarDisable: setFlags what=0 which=1 pkg=Window{3d8a45 u0 com.android.todolist/com.android.todolist.About}
5670:10-27 21:16:59.421  1147  1307 I StatusBarDisable: setFlags what=0 which=1 pkg=Window{3d8a45 u0 com.android.todolist/com.android.todolist.About}
5672:10-27 21:16:59.449  1147  1307 I StatusBarDisable: setFlags what=0 which=1 pkg=Window{3d8a45 u0 com.android.todolist/com.android.todolist.About}
5673:10-27 21:16:59.452  1147  1898 V WindowManager: notifyAppStopped: AppWindowToken{7026460 token=Token{bed6063 ActivityRecord{a248e92 u0 com.android.todolist/.MainActivity t92474}}}
5674:10-27 21:16:59.452  1147  1898 E WindowManager: win=Window{8f901de u0 com.android.todolist/com.android.todolist.MainActivity} destroySurfaces: appStopped=true win.mWindowRemovalAllowed=false win.mRemoveOnExit=false
5757:10-27 21:17:00.597  1147  1307 I StatusBarDisable: setFlags what=0 which=1 pkg=Window{3d8a45 u0 com.android.todolist/com.android.todolist.About}
5759:10-27 21:17:00.614  1147  1307 I StatusBarDisable: setFlags what=0 which=1 pkg=Window{3d8a45 u0 com.android.todolist/com.android.todolist.About}
5761:10-27 21:17:00.621  1147  1904 V WindowManager: notifyAppResumed: wasStopped=true AppWindowToken{7026460 token=Token{bed6063 ActivityRecord{a248e92 u0 com.android.todolist/.MainActivity t92474}}}
5763:10-27 21:17:00.635  1147  1904 V WindowManager: Check opening app=AppWindowToken{7026460 token=Token{bed6063 ActivityRecord{a248e92 u0 com.android.todolist/.MainActivity t92474}}}: allDrawn=false startingDisplayed=false startingMoved=false isRelaunching()=false startingWindow=null
5766:10-27 21:17:00.641  1147  1307 I StatusBarDisable: setFlags what=0 which=1 pkg=Window{3d8a45 u0 com.android.todolist/com.android.todolist.About}
5776:10-27 21:17:00.663  1147  1307 I StatusBarDisable: setFlags what=0 which=1 pkg=Window{3d8a45 u0 com.android.todolist/com.android.todolist.About}
5778:10-27 21:17:00.664  1147  1904 V WindowManager: Check opening app=AppWindowToken{7026460 token=Token{bed6063 ActivityRecord{a248e92 u0 com.android.todolist/.MainActivity t92474}}}: allDrawn=false startingDisplayed=false startingMoved=false isRelaunching()=false startingWindow=null
5779:10-27 21:17:00.669  1147  1307 I StatusBarDisable: setFlags what=0 which=1 pkg=Window{8f901de u0 com.android.todolist/com.android.todolist.MainActivity}
5784:10-27 21:17:00.696  1147  1617 V WindowManager_visibility: updateAllDrawn Add AppWindowToken{7026460 token=Token{bed6063 ActivityRecord{a248e92 u0 com.android.todolist/.MainActivity t92474}}}
5785:10-27 21:17:00.696  1147  1307 I StatusBarDisable: setFlags what=0 which=1 pkg=Window{8f901de u0 com.android.todolist/com.android.todolist.MainActivity}
5787:10-27 21:17:00.697  1147  1617 V WindowManager_visibility: updateAllDrawn allDrawn=false interesting=1 drawn=1 relaunchCount=0 for AppWindowToken{7026460 token=Token{bed6063 ActivityRecord{a248e92 u0 com.android.todolist/.MainActivity t92474}}}
5789:10-27 21:17:00.697  1147  1617 V WindowManager: Check opening app=AppWindowToken{7026460 token=Token{bed6063 ActivityRecord{a248e92 u0 com.android.todolist/.MainActivity t92474}}}: allDrawn=true startingDisplayed=false startingMoved=false isRelaunching()=false startingWindow=null
5791:10-27 21:17:00.707  1147  1307 I StatusBarDisable: setFlags what=0 which=1 pkg=Window{8f901de u0 com.android.todolist/com.android.todolist.MainActivity}
5792:10-27 21:17:00.710  1147  1307 I StatusBarDisable: setFlags what=0 which=1 pkg=Window{8f901de u0 com.android.todolist/com.android.todolist.MainActivity}
5798:10-27 21:17:00.915  1147  1307 I StatusBarDisable: setFlags what=0 which=1 pkg=Window{8f901de u0 com.android.todolist/com.android.todolist.MainActivity}
5802:10-27 21:17:00.951  1147  1307 I StatusBarDisable: setFlags what=0 which=1 pkg=Window{8f901de u0 com.android.todolist/com.android.todolist.MainActivity}
5804:10-27 21:17:00.959 22587 22587 D ActivityThread: Remove activity client record, r= ActivityRecord{c0e0d5a token=android.os.BinderProxy@f8a1f8c {com.android.todolist/com.android.todolist.About}} token= android.os.BinderProxy@f8a1f8c
5805:10-27 21:17:00.961  1147  7908 V WindowManager: removeIfPossible: Window{3d8a45 u0 com.android.todolist/com.android.todolist.About}
5806:10-27 21:17:00.962  1147  7908 V WindowManager: postWindowRemoveCleanupLocked: Window{3d8a45 u0 com.android.todolist/com.android.todolist.About}
5807:10-27 21:17:00.962  1147  7908 V WindowManager: Removing Window{3d8a45 u0 com.android.todolist/com.android.todolist.About} from AppWindowToken{2f1f6af token=Token{9d79e8e ActivityRecord{5b38e89 u0 com.android.todolist/.About t92474}}}
5808:10-27 21:17:00.964  1147  1307 I StatusBarDisable: setFlags what=0 which=1 pkg=Window{8f901de u0 com.android.todolist/com.android.todolist.MainActivity}
5809:10-27 21:17:00.968  1147  1904 V WindowManager: removeAppToken: AppWindowToken{2f1f6af token=Token{9d79e8e ActivityRecord{5b38e89 u0 com.android.todolist/.About t92474}}} delayed=false Callers=com.android.server.wm.DisplayContent.removeAppToken:1086 com.android.server.wm.AppWindowContainerController.removeContainer:315 com.android.server.am.ActivityRecord.removeWindowContainer:1203 com.android.server.am.ActivityStack.removeActivityFromHistoryLocked:4584 
5882:10-27 21:17:02.772  1147  1307 I StatusBarDisable: setFlags what=0 which=1 pkg=Window{3736d97 u0 com.android.todolist/com.android.todolist.MainActivity}
5883:10-27 21:17:02.773  1147  1898 V WindowManager: addWindow: Window{3736d97 u0 com.android.todolist/com.android.todolist.MainActivity}
5886:10-27 21:17:02.803 22587 23247 D HiTouch_PressGestureDetector: onAttached, package=com.android.todolist, windowType=2, mHiTouchRestricted=true
5887:10-27 21:17:02.818  1147  1898 V WindowManager_visibility: updateAllDrawn Add AppWindowToken{7026460 token=Token{bed6063 ActivityRecord{a248e92 u0 com.android.todolist/.MainActivity t92474}}}
5888:10-27 21:17:02.818  1147  1307 I StatusBarDisable: setFlags what=0 which=1 pkg=Window{3736d97 u0 com.android.todolist/com.android.todolist.MainActivity}
5889:10-27 21:17:02.819  1147  1898 V WindowManager_visibility: updateAllDrawn allDrawn=false interesting=1 drawn=1 relaunchCount=0 for AppWindowToken{7026460 token=Token{bed6063 ActivityRecord{a248e92 u0 com.android.todolist/.MainActivity t92474}}}
5890:10-27 21:17:02.822  1147  1307 I StatusBarDisable: setFlags what=0 which=1 pkg=Window{3736d97 u0 com.android.todolist/com.android.todolist.MainActivity}
5937:10-27 21:17:02.903  1147  1307 I StatusBarDisable: setFlags what=0 which=1 pkg=Window{3736d97 u0 com.android.todolist/com.android.todolist.MainActivity}
5938:10-27 21:17:02.903  1147  1617 V WindowManager_visibility: updateAllDrawn Add AppWindowToken{7026460 token=Token{bed6063 ActivityRecord{a248e92 u0 com.android.todolist/.MainActivity t92474}}}
5939:10-27 21:17:02.905  1147  1617 V WindowManager_visibility: updateAllDrawn allDrawn=false interesting=2 drawn=2 relaunchCount=0 for AppWindowToken{7026460 token=Token{bed6063 ActivityRecord{a248e92 u0 com.android.todolist/.MainActivity t92474}}}
5941:10-27 21:17:02.914  1147  1307 I StatusBarDisable: setFlags what=0 which=1 pkg=Window{3736d97 u0 com.android.todolist/com.android.todolist.MainActivity}
5953:10-27 21:17:02.944  1147  1307 I StatusBarDisable: setFlags what=0 which=1 pkg=Window{3736d97 u0 com.android.todolist/com.android.todolist.MainActivity}
5992:10-27 21:17:03.085  1147  1307 I StatusBarDisable: setFlags what=0 which=1 pkg=Window{3736d97 u0 com.android.todolist/com.android.todolist.MainActivity}
5998:10-27 21:17:03.102  1147  1307 I StatusBarDisable: setFlags what=0 which=1 pkg=Window{3736d97 u0 com.android.todolist/com.android.todolist.MainActivity}
6033:10-27 21:17:04.083 22587 22587 I InputMethodManager: mServedView =com.android.todolist;view =com.android.todolist;flags =0
6057:10-27 21:17:04.175  2489 23004 W koe     : Infinite Data has no result for com.android.todolist [CONTEXT service_id=177 ]
6058:10-27 21:17:04.179  1147  1307 I StatusBarDisable: setFlags what=0 which=1 pkg=Window{3736d97 u0 com.android.todolist/com.android.todolist.MainActivity}
6061:10-27 21:17:04.185  2489 23197 W koe     : Infinite Data has no result for com.android.todolist [CONTEXT service_id=177 ]
6064:10-27 21:17:04.189  2489 23250 W koe     : Infinite Data has no result for com.android.todolist [CONTEXT service_id=177 ]
6065:10-27 21:17:04.190  2489 23250 W koe     : Infinite Data has no result for com.android.todolist [CONTEXT service_id=177 ]
6066:10-27 21:17:04.192  1147  1307 I StatusBarDisable: setFlags what=0 which=1 pkg=Window{3736d97 u0 com.android.todolist/com.android.todolist.MainActivity}
6074:10-27 21:17:04.215  2036  2191 I AppTypeRecognise: input start front pkg: com.android.todolist
6077:10-27 21:17:04.228  1147  1307 I StatusBarDisable: setFlags what=0 which=1 pkg=Window{3736d97 u0 com.android.todolist/com.android.todolist.MainActivity}
6088:10-27 21:17:04.507  1147  1307 I StatusBarDisable: setFlags what=0 which=1 pkg=Window{3736d97 u0 com.android.todolist/com.android.todolist.MainActivity}
6194:10-27 21:17:07.410  1147  1904 V WindowManager: removeIfPossible: Window{3736d97 u0 com.android.todolist/com.android.todolist.MainActivity}
6195:10-27 21:17:07.418  1147  1904 V WindowManager: Not removing Window{3736d97 u0 com.android.todolist/com.android.todolist.MainActivity EXITING} due to exit animation 
6196:10-27 21:17:07.420  1147  1307 I StatusBarDisable: setFlags what=0 which=1 pkg=Window{8f901de u0 com.android.todolist/com.android.todolist.MainActivity}
6201:10-27 21:17:07.513  2036  2191 D AppTypeRecognise: input end-> front pkg: com.android.todolist duraion:3298 touchs:7
6206:10-27 21:17:07.592  1147  1307 I StatusBarDisable: setFlags what=0 which=1 pkg=Window{8f901de u0 com.android.todolist/com.android.todolist.MainActivity}
6207:10-27 21:17:07.605  1147  1617 V WindowManager: Exit animation finished in Window{3736d97 u0 com.android.todolist/com.android.todolist.MainActivity EXITING}: remove=true
6208:10-27 21:17:07.606  1147  1617 E WindowManager: win=Window{3736d97 u0 com.android.todolist/com.android.todolist.MainActivity EXITING} destroySurfaces: appStopped=false win.mWindowRemovalAllowed=true win.mRemoveOnExit=true
6209:10-27 21:17:07.607  1147  1617 V WindowManager: postWindowRemoveCleanupLocked: Window{3736d97 u0 com.android.todolist/com.android.todolist.MainActivity}
6210:10-27 21:17:07.607  1147  1617 V WindowManager: Removing Window{3736d97 u0 com.android.todolist/com.android.todolist.MainActivity} from AppWindowToken{7026460 token=Token{bed6063 ActivityRecord{a248e92 u0 com.android.todolist/.MainActivity t92474}}}
6211:10-27 21:17:07.611  1147  1307 I StatusBarDisable: setFlags what=0 which=1 pkg=Window{8f901de u0 com.android.todolist/com.android.todolist.MainActivity}
6213:10-27 21:17:07.639  1147  1307 I StatusBarDisable: setFlags what=0 which=1 pkg=Window{8f901de u0 com.android.todolist/com.android.todolist.MainActivity}
6215:10-27 21:17:07.721  1147  1307 I StatusBarDisable: setFlags what=0 which=1 pkg=Window{8f901de u0 com.android.todolist/com.android.todolist.MainActivity}
6222:10-27 21:17:08.838  1147  1898 I ActivityManager: START u0 {hwFlg=0x10 cmp=com.android.todolist/.ListActivity (has extras)} from uid 10279
6223:10-27 21:17:08.840  1147  1898 I ActivityManager: ActivityRecord info: ActivityInfo{695c313 com.android.todolist.ListActivity}
6225:10-27 21:17:08.840  1147  1898 I ActivityManager: isNeedToStartExSplash  callingPackage: com.android.todolist packageName: com.android.todolist
6226:10-27 21:17:08.840  1147  1898 I HwActivityManagerServiceEx: packageName:com.android.todolist,requestCode:-1,isIntercepted:false,userId:0
6227:10-27 21:17:08.840  1147  1898 I HwActivityManagerServiceEx: callingPackage:com.android.todolist
6230:10-27 21:17:08.845  1147  1898 V WindowManager: addAppToken: AppWindowToken{a1fd86 token=Token{9f0ae61 ActivityRecord{a987dc8 u0 com.android.todolist/.ListActivity t92474}}} controller={TaskWindowContainerController taskId=92474} at 2147483647
6231:10-27 21:17:08.858  1147  1307 I StatusBarDisable: setFlags what=0 which=1 pkg=Window{8f901de u0 com.android.todolist/com.android.todolist.MainActivity}
6233:10-27 21:17:08.863  2036  2371 I PG_ash  : app:com.android.todolist  has toast view ,pid :22587
6237:10-27 21:17:08.872  1147  1898 V ActivityManager: Making visible and scheduling visibility: ActivityRecord{a987dc8 u0 com.android.todolist/.ListActivity t92474}
6240:10-27 21:17:08.878  1147  1898 V WindowManager: Check opening app=AppWindowToken{a1fd86 token=Token{9f0ae61 ActivityRecord{a987dc8 u0 com.android.todolist/.ListActivity t92474}}}: allDrawn=false startingDisplayed=false startingMoved=false isRelaunching()=false startingWindow=null
6246:10-27 21:17:08.881  1147  1307 I StatusBarDisable: setFlags what=0 which=1 pkg=Window{8f901de u0 com.android.todolist/com.android.todolist.MainActivity}
6248:10-27 21:17:08.883  1147  1307 I StatusBarDisable: setFlags what=0 which=1 pkg=Window{8f901de u0 com.android.todolist/com.android.todolist.MainActivity}
6250:10-27 21:17:08.884  1147  1898 V WindowManager: Check opening app=AppWindowToken{a1fd86 token=Token{9f0ae61 ActivityRecord{a987dc8 u0 com.android.todolist/.ListActivity t92474}}}: allDrawn=false startingDisplayed=false startingMoved=false isRelaunching()=false startingWindow=null
6255:10-27 21:17:08.892 22587 22587 V ActivityThread: Skipping new config:{1.0 250mcc20mnc [ru_RU,en_RU] ldltr sw360dp w360dp h710dp 480dpi nrml long hdr port finger -keyb/v/h -nav/h winConfig={ mBounds=Rect(0, 0 - 1080, 2130) mAppBounds=Rect(0, 88 - 1080, 2218) mWindowingMode=fullscreen mActivityType=undefined} nonFullScreen=0 suim:1 s.9}, config:{1.0 250mcc20mnc [ru_RU,en_RU] ldltr sw360dp w360dp h710dp 480dpi nrml long hdr port finger -keyb/v/h -nav/h winConfig={ mBounds=Rect(0, 0 - 1080, 2130) mAppBounds=Rect(0, 88 - 1080, 2218) mWindowingMode=fullscreen mActivityType=undefined} nonFullScreen=0 suim:1 s.9} for app:com.android.todolist
6276:10-27 21:17:08.923 22587 22587 D HwSplineOverScrollerExImpl: initSplineOverScrollerImpl paras: android.widget.OverScroller$SplineOverScroller@fb3d3b7,com.android.todolist.ListActivity@4cd70cf
6282:10-27 21:17:08.923 22587 22587 D HwSplineOverScrollerExImpl: initSplineOverScrollerImpl paras: android.widget.OverScroller$SplineOverScroller@fa7f453,com.android.todolist.ListActivity@4cd70cf
6284:10-27 21:17:08.936 22587 22587 D ActivityThread: add activity client record, r= ActivityRecord{cc4595f token=android.os.BinderProxy@c52b3a9 {com.android.todolist/com.android.todolist.ListActivity}} token= android.os.BinderProxy@c52b3a9
6287:10-27 21:17:08.948  1147  1898 V WindowManager: addWindow: Window{3106c12 u0 com.android.todolist/com.android.todolist.ListActivity}
6294:10-27 21:17:08.958 22587 23259 D HiTouch_PressGestureDetector: onAttached, package=com.android.todolist, windowType=1, mHiTouchRestricted=true
6296:10-27 21:17:08.969  1147  1307 I StatusBarDisable: setFlags what=0 which=1 pkg=Window{8f901de u0 com.android.todolist/com.android.todolist.MainActivity}
6298:10-27 21:17:08.970  1147  7631 V WindowManager: Check opening app=AppWindowToken{a1fd86 token=Token{9f0ae61 ActivityRecord{a987dc8 u0 com.android.todolist/.ListActivity t92474}}}: allDrawn=false startingDisplayed=false startingMoved=false isRelaunching()=false startingWindow=null
6299:10-27 21:17:08.974  1147  1307 I StatusBarDisable: setFlags what=0 which=1 pkg=Window{3106c12 u0 com.android.todolist/com.android.todolist.ListActivity}
6304:10-27 21:17:08.984  1147  1307 I StatusBarDisable: setFlags what=0 which=1 pkg=Window{3106c12 u0 com.android.todolist/com.android.todolist.ListActivity}
6311:10-27 21:17:08.989  1147  1617 V WindowManager: Check opening app=AppWindowToken{a1fd86 token=Token{9f0ae61 ActivityRecord{a987dc8 u0 com.android.todolist/.ListActivity t92474}}}: allDrawn=false startingDisplayed=false startingMoved=false isRelaunching()=false startingWindow=null
6313:10-27 21:17:09.002  1147  1307 I StatusBarDisable: setFlags what=0 which=1 pkg=Window{3106c12 u0 com.android.todolist/com.android.todolist.ListActivity}
6315:10-27 21:17:09.003  1147  1898 V WindowManager: Check opening app=AppWindowToken{a1fd86 token=Token{9f0ae61 ActivityRecord{a987dc8 u0 com.android.todolist/.ListActivity t92474}}}: allDrawn=false startingDisplayed=false startingMoved=false isRelaunching()=false startingWindow=null
6321:10-27 21:17:09.022  1147  1617 V WindowManager_visibility: updateAllDrawn Add AppWindowToken{a1fd86 token=Token{9f0ae61 ActivityRecord{a987dc8 u0 com.android.todolist/.ListActivity t92474}}}
6322:10-27 21:17:09.022  1147  1307 I StatusBarDisable: setFlags what=0 which=1 pkg=Window{3106c12 u0 com.android.todolist/com.android.todolist.ListActivity}
6323:10-27 21:17:09.023  1147  1617 V WindowManager_visibility: updateAllDrawn allDrawn=false interesting=1 drawn=1 relaunchCount=0 for AppWindowToken{a1fd86 token=Token{9f0ae61 ActivityRecord{a987dc8 u0 com.android.todolist/.ListActivity t92474}}}
6325:10-27 21:17:09.023  1147  1617 V WindowManager: Check opening app=AppWindowToken{a1fd86 token=Token{9f0ae61 ActivityRecord{a987dc8 u0 com.android.todolist/.ListActivity t92474}}}: allDrawn=true startingDisplayed=false startingMoved=false isRelaunching()=false startingWindow=null
6329:10-27 21:17:09.033  1147  1307 I StatusBarDisable: setFlags what=0 which=1 pkg=Window{3106c12 u0 com.android.todolist/com.android.todolist.ListActivity}
6330:10-27 21:17:09.035  1147  1307 I StatusBarDisable: setFlags what=0 which=1 pkg=Window{3106c12 u0 com.android.todolist/com.android.todolist.ListActivity}
6332:10-27 21:17:09.037  1147  1368 D ActivityManager: EVENT_APP_ACTIVITY_DISPLAYED_FINISH reportData: com.android.todolist/.ListActivity 22587 159
6333:10-27 21:17:09.095  1147  1307 I StatusBarDisable: setFlags what=0 which=1 pkg=Window{3106c12 u0 com.android.todolist/com.android.todolist.ListActivity}
6337:10-27 21:17:09.282  1147  1307 I StatusBarDisable: setFlags what=0 which=1 pkg=Window{3106c12 u0 com.android.todolist/com.android.todolist.ListActivity}
6338:10-27 21:17:09.286  1147  1904 V WindowManager: notifyAppStopped: AppWindowToken{7026460 token=Token{bed6063 ActivityRecord{a248e92 u0 com.android.todolist/.MainActivity t92474}}}
6339:10-27 21:17:09.286  1147  1904 E WindowManager: win=Window{8f901de u0 com.android.todolist/com.android.todolist.MainActivity} destroySurfaces: appStopped=true win.mWindowRemovalAllowed=false win.mRemoveOnExit=false
6371:10-27 21:17:10.794 22587 22587 I InputMethodManager: mServedView =com.android.todolist;view =com.android.todolist;flags =1
6376:10-27 21:17:10.848  1147  1307 I StatusBarDisable: setFlags what=0 which=1 pkg=Window{3106c12 u0 com.android.todolist/com.android.todolist.ListActivity}
6397:10-27 21:17:10.888  1147  1904 W NotificationService: Toast already killed. pkg=com.android.todolist callback=android.app.ITransientNotification$Stub$Proxy@6c68028
6398:10-27 21:17:10.889  1147  1307 I StatusBarDisable: setFlags what=0 which=1 pkg=Window{3106c12 u0 com.android.todolist/com.android.todolist.ListActivity}
6402:10-27 21:17:10.918  2489 23250 W koe     : Infinite Data has no result for com.android.todolist [CONTEXT service_id=177 ]
6405:10-27 21:17:10.935  1147  1307 I StatusBarDisable: setFlags what=0 which=1 pkg=Window{3106c12 u0 com.android.todolist/com.android.todolist.ListActivity}
6414:10-27 21:17:10.956  2036  2191 I AppTypeRecognise: input start front pkg: com.android.todolist
6416:10-27 21:17:10.969  1147  1307 I StatusBarDisable: setFlags what=0 which=1 pkg=Window{3106c12 u0 com.android.todolist/com.android.todolist.ListActivity}
6417:10-27 21:17:10.975  2489 23197 W koe     : Infinite Data has no result for com.android.todolist [CONTEXT service_id=177 ]
6419:10-27 21:17:10.975  1147  1617 I DebugKeepScreenOn: Releasing screen wakelock, obscured by Window{3106c12 u0 com.android.todolist/com.android.todolist.ListActivity}
6423:10-27 21:17:10.983  1147  1307 I StatusBarDisable: setFlags what=0 which=1 pkg=Window{3106c12 u0 com.android.todolist/com.android.todolist.ListActivity}
6429:10-27 21:17:11.248  1147  1307 I StatusBarDisable: setFlags what=0 which=1 pkg=Window{3106c12 u0 com.android.todolist/com.android.todolist.ListActivity}
6455:10-27 21:17:12.380  1147  1307 I StatusBarDisable: setFlags what=0 which=1 pkg=Window{3106c12 u0 com.android.todolist/com.android.todolist.ListActivity}
6474:10-27 21:17:13.856  2036  2191 D AppTypeRecognise: input end-> front pkg: com.android.todolist duraion:2900 touchs:7
6481:10-27 21:17:13.898  1147  1307 I StatusBarDisable: setFlags what=0 which=1 pkg=Window{3106c12 u0 com.android.todolist/com.android.todolist.ListActivity}
6482:10-27 21:17:13.948  1147  1307 I StatusBarDisable: setFlags what=0 which=1 pkg=Window{3106c12 u0 com.android.todolist/com.android.todolist.ListActivity}
6492:10-27 21:17:14.036  1147  1307 I StatusBarDisable: setFlags what=0 which=1 pkg=Window{3106c12 u0 com.android.todolist/com.android.todolist.ListActivity}
6530:10-27 21:17:16.952 22587 22587 I InputMethodManager: mServedView =com.android.todolist;view =com.android.todolist;flags =1
6541:10-27 21:17:17.014  2036  2191 I AppTypeRecognise: input start front pkg: com.android.todolist
6543:10-27 21:17:17.022  1147  1307 I StatusBarDisable: setFlags what=0 which=1 pkg=Window{3106c12 u0 com.android.todolist/com.android.todolist.ListActivity}
6549:10-27 21:17:17.298  1147  1307 I StatusBarDisable: setFlags what=0 which=1 pkg=Window{3106c12 u0 com.android.todolist/com.android.todolist.ListActivity}
6580:10-27 21:17:19.578  2036  2191 D AppTypeRecognise: input end-> front pkg: com.android.todolist duraion:2564 touchs:5
6590:10-27 21:17:19.667  1147  1307 I StatusBarDisable: setFlags what=0 which=1 pkg=Window{3106c12 u0 com.android.todolist/com.android.todolist.ListActivity}
6594:10-27 21:17:19.690  1147  1307 I StatusBarDisable: setFlags what=0 which=1 pkg=Window{3106c12 u0 com.android.todolist/com.android.todolist.ListActivity}
6596:10-27 21:17:19.724 22587 22587 I chatty  : uid=10279(com.android.todolist) identical 4 lines
6610:10-27 21:17:19.802  1147  1307 I StatusBarDisable: setFlags what=0 which=1 pkg=Window{3106c12 u0 com.android.todolist/com.android.todolist.ListActivity}
6655:10-27 21:17:21.305 22587 22587 I InputMethodManager: mServedView =com.android.todolist;view =com.android.todolist;flags =1
6665:10-27 21:17:21.356  2036  2191 I AppTypeRecognise: input start front pkg: com.android.todolist
6666:10-27 21:17:21.361  1147  1307 I StatusBarDisable: setFlags what=0 which=1 pkg=Window{3106c12 u0 com.android.todolist/com.android.todolist.ListActivity}
6675:10-27 21:17:21.614  1147  1307 I StatusBarDisable: setFlags what=0 which=1 pkg=Window{3106c12 u0 com.android.todolist/com.android.todolist.ListActivity}
6769:10-27 21:17:28.697  2036  2191 D AppTypeRecognise: input end-> front pkg: com.android.todolist duraion:7342 touchs:8
6780:10-27 21:17:28.791  1147  1307 I StatusBarDisable: setFlags what=0 which=1 pkg=Window{3106c12 u0 com.android.todolist/com.android.todolist.ListActivity}
6781:10-27 21:17:28.822  1147  1307 I StatusBarDisable: setFlags what=0 which=1 pkg=Window{3106c12 u0 com.android.todolist/com.android.todolist.ListActivity}
6785:10-27 21:17:28.916  1147  1307 I StatusBarDisable: setFlags what=0 which=1 pkg=Window{3106c12 u0 com.android.todolist/com.android.todolist.ListActivity}
6812:10-27 21:17:29.704  1147  3060 V WindowManager: Adding Window{5923c82 u0 PopupWindow:ab3035b} to Window{3106c12 u0 com.android.todolist/com.android.todolist.ListActivity}
6824:10-27 21:17:29.770  1147  1898 V WindowManager_visibility: updateAllDrawn Add AppWindowToken{a1fd86 token=Token{9f0ae61 ActivityRecord{a987dc8 u0 com.android.todolist/.ListActivity t92474}}}
6825:10-27 21:17:29.772  1147  1898 V WindowManager_visibility: updateAllDrawn allDrawn=false interesting=1 drawn=1 relaunchCount=0 for AppWindowToken{a1fd86 token=Token{9f0ae61 ActivityRecord{a987dc8 u0 com.android.todolist/.ListActivity t92474}}}
6854:10-27 21:17:29.879  1147  1617 V WindowManager_visibility: updateAllDrawn Add AppWindowToken{a1fd86 token=Token{9f0ae61 ActivityRecord{a987dc8 u0 com.android.todolist/.ListActivity t92474}}}
6855:10-27 21:17:29.883  1147  1617 V WindowManager_visibility: updateAllDrawn allDrawn=false interesting=2 drawn=2 relaunchCount=0 for AppWindowToken{a1fd86 token=Token{9f0ae61 ActivityRecord{a987dc8 u0 com.android.todolist/.ListActivity t92474}}}
6927:10-27 21:17:32.817  1147  7631 V HwPhoneWindowManager: updateSystemUiColorLw window=Window{3106c12 u0 com.android.todolist/com.android.todolist.ListActivity},EmuiStyle=0,StatusBarColor=0xff00574b,NavigationBarColor=0xfffcfcfc, mForceNotchStatusBar=false
6933:10-27 21:17:32.819  1147  1307 I StatusBarDisable: setFlags what=0 which=1 pkg=Window{3106c12 u0 com.android.todolist/com.android.todolist.ListActivity}
6937:10-27 21:17:32.958  1147  1307 I StatusBarDisable: setFlags what=0 which=1 pkg=Window{3106c12 u0 com.android.todolist/com.android.todolist.ListActivity}
6945:10-27 21:17:33.184  1147  7631 V WindowManager: Removing Window{5923c82 u0 PopupWindow:ab3035b} from AppWindowToken{a1fd86 token=Token{9f0ae61 ActivityRecord{a987dc8 u0 com.android.todolist/.ListActivity t92474}}}
6946:10-27 21:17:33.191  1147  1307 I StatusBarDisable: setFlags what=0 which=1 pkg=Window{3106c12 u0 com.android.todolist/com.android.todolist.ListActivity}
6948:10-27 21:17:33.525  2036  3771 D ThermalTrace: saveRepeatData, app:com.android.todolist, shell:30,abient:-100
6966:10-27 21:17:34.298  1147  7631 I ActivityManager: START u0 {hwFlg=0x10 cmp=com.android.todolist/.MainActivity} from uid 10279
6967:10-27 21:17:34.300  1147  7631 I ActivityManager: ActivityRecord info: ActivityInfo{516cd91 com.android.todolist.MainActivity}
6969:10-27 21:17:34.300  1147  7631 I ActivityManager: isNeedToStartExSplash  callingPackage: com.android.todolist packageName: com.android.todolist
6970:10-27 21:17:34.300  1147  7631 I HwActivityManagerServiceEx: packageName:com.android.todolist,requestCode:-1,isIntercepted:false,userId:0
6971:10-27 21:17:34.300  1147  7631 I HwActivityManagerServiceEx: callingPackage:com.android.todolist
6974:10-27 21:17:34.305  1147  7631 V WindowManager: addAppToken: AppWindowToken{64991ef token=Token{82b9ece ActivityRecord{75267c9 u0 com.android.todolist/.MainActivity t92474}}} controller={TaskWindowContainerController taskId=92474} at 2147483647
6977:10-27 21:17:34.315  1147  1307 I StatusBarDisable: setFlags what=0 which=1 pkg=Window{3106c12 u0 com.android.todolist/com.android.todolist.ListActivity}
6978:10-27 21:17:34.319  1147  1307 I StatusBarDisable: setFlags what=0 which=1 pkg=Window{3106c12 u0 com.android.todolist/com.android.todolist.ListActivity}
6980:10-27 21:17:34.324  1147  3060 V ActivityManager: Making visible and scheduling visibility: ActivityRecord{75267c9 u0 com.android.todolist/.MainActivity t92474}
6986:10-27 21:17:34.331  1147  3060 V WindowManager: Check opening app=AppWindowToken{64991ef token=Token{82b9ece ActivityRecord{75267c9 u0 com.android.todolist/.MainActivity t92474}}}: allDrawn=false startingDisplayed=false startingMoved=false isRelaunching()=false startingWindow=null
6988:10-27 21:17:34.332  1147  1307 I StatusBarDisable: setFlags what=0 which=1 pkg=Window{3106c12 u0 com.android.todolist/com.android.todolist.ListActivity}
6989:10-27 21:17:34.332  1147  1307 I StatusBarDisable: setFlags what=0 which=1 pkg=Window{3106c12 u0 com.android.todolist/com.android.todolist.ListActivity}
6993:10-27 21:17:34.333  1999 10300 D DollieActivityManagerAdapter: [Paused] pid:22587 uid:10279 ComponentInfo{com.android.todolist/com.android.todolist.ListActivity}
6995:10-27 21:17:34.333 22587 22587 V ActivityThread: Skipping new config:{1.0 250mcc20mnc [ru_RU,en_RU] ldltr sw360dp w360dp h710dp 480dpi nrml long hdr port finger -keyb/v/h -nav/h winConfig={ mBounds=Rect(0, 0 - 1080, 2130) mAppBounds=Rect(0, 88 - 1080, 2218) mWindowingMode=fullscreen mActivityType=undefined} nonFullScreen=0 suim:1 s.9}, config:{1.0 250mcc20mnc [ru_RU,en_RU] ldltr sw360dp w360dp h710dp 480dpi nrml long hdr port finger -keyb/v/h -nav/h winConfig={ mBounds=Rect(0, 0 - 1080, 2130) mAppBounds=Rect(0, 88 - 1080, 2218) mWindowingMode=fullscreen mActivityType=undefined} nonFullScreen=0 suim:1 s.9} for app:com.android.todolist
7005:10-27 21:17:34.351 22587 22587 D HwSplineOverScrollerExImpl: initSplineOverScrollerImpl paras: android.widget.OverScroller$SplineOverScroller@aca8a85,com.android.todolist.MainActivity@26ab5f7
7011:10-27 21:17:34.352 22587 22587 D HwSplineOverScrollerExImpl: initSplineOverScrollerImpl paras: android.widget.OverScroller$SplineOverScroller@dae4a01,com.android.todolist.MainActivity@26ab5f7
7017:10-27 21:17:34.352 22587 22587 D HwSplineOverScrollerExImpl: initSplineOverScrollerImpl paras: android.widget.OverScroller$SplineOverScroller@f7f0ae7,com.android.todolist.MainActivity@26ab5f7
7023:10-27 21:17:34.352 22587 22587 D HwSplineOverScrollerExImpl: initSplineOverScrollerImpl paras: android.widget.OverScroller$SplineOverScroller@fb4853d,com.android.todolist.MainActivity@26ab5f7
7029:10-27 21:17:34.356 22587 22587 D HwSplineOverScrollerExImpl: initSplineOverScrollerImpl paras: android.widget.OverScroller$SplineOverScroller@2482800,com.android.todolist.MainActivity@26ab5f7
7035:10-27 21:17:34.356 22587 22587 D HwSplineOverScrollerExImpl: initSplineOverScrollerImpl paras: android.widget.OverScroller$SplineOverScroller@b847e7e,com.android.todolist.MainActivity@26ab5f7
7041:10-27 21:17:34.364 22587 22587 D HwSplineOverScrollerExImpl: initSplineOverScrollerImpl paras: android.widget.OverScroller$SplineOverScroller@280939f,com.android.todolist.MainActivity@26ab5f7
7047:10-27 21:17:34.364 22587 22587 D HwSplineOverScrollerExImpl: initSplineOverScrollerImpl paras: android.widget.OverScroller$SplineOverScroller@c0448b5,com.android.todolist.MainActivity@26ab5f7
7049:10-27 21:17:34.376 22587 22587 D ActivityThread: add activity client record, r= ActivityRecord{18b5797 token=android.os.BinderProxy@cc29a91 {com.android.todolist/com.android.todolist.MainActivity}} token= android.os.BinderProxy@cc29a91
7052:10-27 21:17:34.387  1147  3060 V WindowManager: addWindow: Window{110b785 u0 com.android.todolist/com.android.todolist.MainActivity}
7055:10-27 21:17:34.388  1147  1738 D HiDATA_HiStream: activityResumed:pid=22587, uid=10279, component=ComponentInfo{com.android.todolist/com.android.todolist.MainActivity}
7057:10-27 21:17:34.388  1147  5306 D HiData_HwAPPQoEActivityMonitor: handleActivityChange,  curPackage:com.android.todolist, curClass:com.android.todolist.MainActivity
7058:10-27 21:17:34.388  1147  1738 D HiData_HwAPPQoEResourceMangerImpl: checkIsMonitorVideoScence input :com.android.todolist,com.android.todolist.MainActivity
7060:10-27 21:17:34.389  1147  5306 D HiData_HwAPPQoEResourceMangerImpl: checkIsMonitorAPKScence input :com.android.todolist,com.android.todolist.MainActivity
7061:10-27 21:17:34.389  1147  5306 D HiData_HwAPPQoEResourceMangerImpl: checkIsMonitorAPKScence input :com.android.todolist,null
7062:10-27 21:17:34.389  1147  5306 D HiData_HwAPPQoEResourceMangerImpl: checkIsMonitorGameScence input :com.android.todolist
7063:10-27 21:17:34.389  1147  5306 D HiData_HwAPPQoEResourceMangerImpl: checkIsMonitorGameScence input :com.android.todolist
7065:10-27 21:17:34.389  1147  1670 D HiData_HwAPPQoEResourceMangerImpl: checkIsMonitorHiCureAppScence input :com.android.todolist
7068:10-27 21:17:34.389  1999 10300 D DollieActivityManagerAdapter: [Resumed] pid:22587 uid:10279 ComponentInfo{com.android.todolist/com.android.todolist.MainActivity}
7069:10-27 21:17:34.389  1999 10300 E DollieAdapterService: notifyActivityState pkg:com.android.todolist/com.android.todolist.MainActivity state:2 fg:true mUid:10279
7074:10-27 21:17:34.390 22587 23272 D HiTouch_PressGestureDetector: onAttached, package=com.android.todolist, windowType=1, mHiTouchRestricted=true
7076:10-27 21:17:34.413  1147  1307 I StatusBarDisable: setFlags what=0 which=1 pkg=Window{3106c12 u0 com.android.todolist/com.android.todolist.ListActivity}
7078:10-27 21:17:34.414  1147  3060 V WindowManager: Check opening app=AppWindowToken{64991ef token=Token{82b9ece ActivityRecord{75267c9 u0 com.android.todolist/.MainActivity t92474}}}: allDrawn=false startingDisplayed=false startingMoved=false isRelaunching()=false startingWindow=null
7082:10-27 21:17:34.418  1147  1307 I StatusBarDisable: setFlags what=0 which=1 pkg=Window{110b785 u0 com.android.todolist/com.android.todolist.MainActivity}
7101:10-27 21:17:34.468  1147  1307 I StatusBarDisable: setFlags what=0 which=1 pkg=Window{110b785 u0 com.android.todolist/com.android.todolist.MainActivity}
7103:10-27 21:17:34.469  1147  3060 V WindowManager: Check opening app=AppWindowToken{64991ef token=Token{82b9ece ActivityRecord{75267c9 u0 com.android.todolist/.MainActivity t92474}}}: allDrawn=false startingDisplayed=false startingMoved=false isRelaunching()=false startingWindow=null
7107:10-27 21:17:34.489  1147  1307 I StatusBarDisable: setFlags what=0 which=1 pkg=Window{110b785 u0 com.android.todolist/com.android.todolist.MainActivity}
7108:10-27 21:17:34.489  1147  1617 V WindowManager_visibility: updateAllDrawn Add AppWindowToken{64991ef token=Token{82b9ece ActivityRecord{75267c9 u0 com.android.todolist/.MainActivity t92474}}}
7110:10-27 21:17:34.490  1147  1617 V WindowManager_visibility: updateAllDrawn allDrawn=false interesting=1 drawn=1 relaunchCount=0 for AppWindowToken{64991ef token=Token{82b9ece ActivityRecord{75267c9 u0 com.android.todolist/.MainActivity t92474}}}
7112:10-27 21:17:34.490  1147  1617 V WindowManager: Check opening app=AppWindowToken{64991ef token=Token{82b9ece ActivityRecord{75267c9 u0 com.android.todolist/.MainActivity t92474}}}: allDrawn=true startingDisplayed=false startingMoved=false isRelaunching()=false startingWindow=null
7115:10-27 21:17:34.500  1147  1307 I StatusBarDisable: setFlags what=0 which=1 pkg=Window{110b785 u0 com.android.todolist/com.android.todolist.MainActivity}
7116:10-27 21:17:34.503  1147  1368 I ActivityManager: Displayed com.android.todolist/.MainActivity: +173ms
7117:10-27 21:17:34.503  1147  1368 D ActivityManager: EVENT_APP_ACTIVITY_DISPLAYED_FINISH reportData: com.android.todolist/.MainActivity 22587 173
7121:10-27 21:17:34.507  1147  1307 I StatusBarDisable: setFlags what=0 which=1 pkg=Window{110b785 u0 com.android.todolist/com.android.todolist.MainActivity}
7128:10-27 21:17:34.742  1147  1307 I StatusBarDisable: setFlags what=0 which=1 pkg=Window{110b785 u0 com.android.todolist/com.android.todolist.MainActivity}
7130:10-27 21:17:34.751 22587 22587 D ActivityThread: Remove activity client record, r= ActivityRecord{cc4595f token=android.os.BinderProxy@c52b3a9 {com.android.todolist/com.android.todolist.ListActivity}} token= android.os.BinderProxy@c52b3a9
7131:10-27 21:17:34.755  1147  3060 V WindowManager: removeIfPossible: Window{3106c12 u0 com.android.todolist/com.android.todolist.ListActivity}
7132:10-27 21:17:34.756  1147  3060 V WindowManager: postWindowRemoveCleanupLocked: Window{3106c12 u0 com.android.todolist/com.android.todolist.ListActivity}
7133:10-27 21:17:34.756  1147  3060 V WindowManager: Removing Window{3106c12 u0 com.android.todolist/com.android.todolist.ListActivity} from AppWindowToken{a1fd86 token=Token{9f0ae61 ActivityRecord{a987dc8 u0 com.android.todolist/.ListActivity t92474}}}
7134:10-27 21:17:34.757  1147  1307 I StatusBarDisable: setFlags what=0 which=1 pkg=Window{110b785 u0 com.android.todolist/com.android.todolist.MainActivity}
7135:10-27 21:17:34.760  1147  7631 V WindowManager: removeAppToken: AppWindowToken{a1fd86 token=Token{9f0ae61 ActivityRecord{a987dc8 u0 com.android.todolist/.ListActivity t92474}}} delayed=false Callers=com.android.server.wm.DisplayContent.removeAppToken:1086 com.android.server.wm.AppWindowContainerController.removeContainer:315 com.android.server.am.ActivityRecord.removeWindowContainer:1203 com.android.server.am.ActivityStack.removeActivityFromHistoryLocked:4584 
